Using pre-set license
Built from '2021.3/staging' branch; Version is '2021.3.16f1 (4016570cf34f) revision 4200023'; Using compiler version '192829333'; Build Type 'Release'
OS: 'Windows 10  (10.0.19043) 64bit Professional' Language: 'en' Physical Memory: 32689 MB
BatchMode: 1, IsHumanControllingUs: 0, StartBugReporterOnCrash: 0, Is64bit: 1, IsPro: 1

COMMAND LINE ARGUMENTS:
C:\Program Files\Unity\Hub\Editor\2021.3.16f1\Editor\Unity.exe
-adb2
-batchMode
-noUpm
-name
AssetImportWorker3
-projectPath
E:/GAME-121 REPO/game-121/Basic FPS
-logFile
Logs/AssetImportWorker3.log
-srvPort
49736
Successfully changed project path to: E:/GAME-121 REPO/game-121/Basic FPS
E:/GAME-121 REPO/game-121/Basic FPS
[UnityMemory] Configuration Parameters - Can be set up in boot.config
    "memorysetup-bucket-allocator-granularity=16"
    "memorysetup-bucket-allocator-bucket-count=8"
    "memorysetup-bucket-allocator-block-size=33554432"
    "memorysetup-bucket-allocator-block-count=8"
    "memorysetup-main-allocator-block-size=16777216"
    "memorysetup-thread-allocator-block-size=16777216"
    "memorysetup-gfx-main-allocator-block-size=16777216"
    "memorysetup-gfx-thread-allocator-block-size=16777216"
    "memorysetup-cache-allocator-block-size=4194304"
    "memorysetup-typetree-allocator-block-size=2097152"
    "memorysetup-profiler-bucket-allocator-granularity=16"
    "memorysetup-profiler-bucket-allocator-bucket-count=8"
    "memorysetup-profiler-bucket-allocator-block-size=33554432"
    "memorysetup-profiler-bucket-allocator-block-count=8"
    "memorysetup-profiler-allocator-block-size=16777216"
    "memorysetup-profiler-editor-allocator-block-size=1048576"
    "memorysetup-temp-allocator-size-main=16777216"
    "memorysetup-job-temp-allocator-block-size=2097152"
    "memorysetup-job-temp-allocator-block-size-background=1048576"
    "memorysetup-job-temp-allocator-reduction-small-platforms=262144"
    "memorysetup-temp-allocator-size-background-worker=32768"
    "memorysetup-temp-allocator-size-job-worker=262144"
    "memorysetup-temp-allocator-size-preload-manager=33554432"
    "memorysetup-temp-allocator-size-nav-mesh-worker=65536"
    "memorysetup-temp-allocator-size-audio-worker=65536"
    "memorysetup-temp-allocator-size-cloud-worker=32768"
    "memorysetup-temp-allocator-size-gi-baking-worker=262144"
    "memorysetup-temp-allocator-size-gfx=262144"
Player connection [61216] Host "[IP] 192.168.4.47 [Port] 0 [Flags] 2 [Guid] 2106164076 [EditorId] 2106164076 [Version] 1048832 [Id] WindowsEditor(7,DESKTOP-EVAN) [Debug] 1 [PackageName] WindowsEditor [ProjectName] Editor" joined multi-casting on [225.0.0.222:54997]...

Player connection [61216] Host "[IP] 192.168.4.47 [Port] 0 [Flags] 2 [Guid] 2106164076 [EditorId] 2106164076 [Version] 1048832 [Id] WindowsEditor(7,DESKTOP-EVAN) [Debug] 1 [PackageName] WindowsEditor [ProjectName] Editor" joined alternative multi-casting on [225.0.0.222:34997]...

Refreshing native plugins compatible for Editor in 81.42 ms, found 3 plugins.
Preloading 0 native plugins for Editor in 0.00 ms.
Initialize engine version: 2021.3.16f1 (4016570cf34f)
[Subsystems] Discovering subsystems at path C:/Program Files/Unity/Hub/Editor/2021.3.16f1/Editor/Data/Resources/UnitySubsystems
[Subsystems] Discovering subsystems at path E:/GAME-121 REPO/game-121/Basic FPS/Assets
GfxDevice: creating device client; threaded=0; jobified=0
Direct3D:
    Version:  Direct3D 11.0 [level 11.1]
    Renderer: NVIDIA GeForce RTX 2080 SUPER (ID=0x1e81)
    Vendor:   NVIDIA
    VRAM:     8001 MB
    Driver:   31.0.15.2756
Shader '.poiyomi/Patreon/Tessellation/Outlines Cutout': fallback shader 'Toon/Lit Cutout (Double)' not found
Shader '.poiyomi/Patreon/Particle2/Transparent': fallback shader 'Toon/Lit Cutout (Double)' not found
Shader '.poiyomi/Patreon/Wireframe Cutout': fallback shader 'Toon/Lit Cutout (Double)' not found
Shader '.poiyomi/Patreon/Particle2/Cutout': fallback shader 'Toon/Lit Cutout (Double)' not found
Shader '.poiyomi/Patreon/Tessellation/Cutout': fallback shader 'Toon/Lit Cutout (Double)' not found
Shader '.poiyomi/Patreon/Wireframe Transparent': fallback shader 'Toon/Lit Cutout (Double)' not found
Shader '.poiyomi/Patreon/Particle2/Outline Cutout': fallback shader 'Toon/Lit Cutout (Double)' not found
Shader '.poiyomi/Patreon/Particle2/Outline Transparent': fallback shader 'Toon/Lit Cutout (Double)' not found
Shader '.poiyomi/Patreon/Tessellation/Transparent': fallback shader 'Toon/Lit Cutout (Double)' not found
Initialize mono
Mono path[0] = 'C:/Program Files/Unity/Hub/Editor/2021.3.16f1/Editor/Data/Managed'
Mono path[1] = 'C:/Program Files/Unity/Hub/Editor/2021.3.16f1/Editor/Data/MonoBleedingEdge/lib/mono/unityjit-win32'
Mono config path = 'C:/Program Files/Unity/Hub/Editor/2021.3.16f1/Editor/Data/MonoBleedingEdge/etc'
Using monoOptions --debugger-agent=transport=dt_socket,embedding=1,server=y,suspend=n,address=127.0.0.1:56448
Begin MonoManager ReloadAssembly
Registering precompiled unity dll's ...
Register platform support module: C:/Program Files/Unity/Hub/Editor/2021.3.16f1/Editor/Data/PlaybackEngines/WindowsStandaloneSupport/UnityEditor.WindowsStandalone.Extensions.dll
Registered in 0.007023 seconds.
Native extension for WindowsStandalone target not found
Refreshing native plugins compatible for Editor in 71.05 ms, found 3 plugins.
Preloading 0 native plugins for Editor in 0.00 ms.
Mono: successfully reloaded assembly
- Completed reload, in  0.513 seconds
Domain Reload Profiling:
	ReloadAssembly (513ms)
		BeginReloadAssembly (63ms)
			ExecutionOrderSort (0ms)
			DisableScriptedObjects (0ms)
			BackupInstance (0ms)
			ReleaseScriptingObjects (0ms)
			CreateAndSetChildDomain (1ms)
		EndReloadAssembly (360ms)
			LoadAssemblies (60ms)
			RebuildTransferFunctionScriptingTraits (0ms)
			SetupTypeCache (74ms)
			ReleaseScriptCaches (0ms)
			RebuildScriptCaches (20ms)
			SetupLoadedEditorAssemblies (226ms)
				LogAssemblyErrors (0ms)
				InitializePlatformSupportModulesInManaged (8ms)
				SetLoadedEditorAssemblies (0ms)
				RefreshPlugins (71ms)
				BeforeProcessingInitializeOnLoad (1ms)
				ProcessInitializeOnLoadAttributes (109ms)
				ProcessInitializeOnLoadMethodAttributes (37ms)
				AfterProcessingInitializeOnLoad (0ms)
				EditorAssembliesLoaded (0ms)
			ExecutionOrderSort2 (0ms)
			AwakeInstancesAfterBackupRestoration (0ms)
Platform modules already initialized, skipping
Registering precompiled user dll's ...
Registered in 0.003577 seconds.
Begin MonoManager ReloadAssembly
Symbol file LoadedFromMemory doesn't match image E:\GAME-121 REPO\game-121\Basic FPS\Library\PackageCache\com.unity.visualscripting@1.7.8\Editor\VisualScripting.Core\Dependencies\YamlDotNet\Unity.VisualScripting.YamlDotNet.dll
Symbol file LoadedFromMemory doesn't match image E:\GAME-121 REPO\game-121\Basic FPS\Library\PackageCache\com.unity.visualscripting@1.7.8\Editor\VisualScripting.Core\Dependencies\DotNetZip\Unity.VisualScripting.IonicZip.dll
Native extension for WindowsStandalone target not found
Refreshing native plugins compatible for Editor in 79.44 ms, found 3 plugins.
Preloading 0 native plugins for Editor in 0.00 ms.
Mono: successfully reloaded assembly
- Completed reload, in  0.954 seconds
Domain Reload Profiling:
	ReloadAssembly (955ms)
		BeginReloadAssembly (115ms)
			ExecutionOrderSort (0ms)
			DisableScriptedObjects (7ms)
			BackupInstance (0ms)
			ReleaseScriptingObjects (0ms)
			CreateAndSetChildDomain (20ms)
		EndReloadAssembly (740ms)
			LoadAssemblies (77ms)
			RebuildTransferFunctionScriptingTraits (0ms)
			SetupTypeCache (196ms)
			ReleaseScriptCaches (0ms)
			RebuildScriptCaches (38ms)
			SetupLoadedEditorAssemblies (408ms)
				LogAssemblyErrors (0ms)
				InitializePlatformSupportModulesInManaged (5ms)
				SetLoadedEditorAssemblies (0ms)
				RefreshPlugins (80ms)
				BeforeProcessingInitializeOnLoad (96ms)
				ProcessInitializeOnLoadAttributes (203ms)
				ProcessInitializeOnLoadMethodAttributes (18ms)
				AfterProcessingInitializeOnLoad (8ms)
				EditorAssembliesLoaded (0ms)
			ExecutionOrderSort2 (0ms)
			AwakeInstancesAfterBackupRestoration (4ms)
Platform modules already initialized, skipping
========================================================================
Worker process is ready to serve import requests
Shader '.poiyomi/Patreon/Particle2/Outline Cutout': fallback shader 'Toon/Lit Cutout (Double)' not found
Shader '.poiyomi/Patreon/Tessellation/Transparent': fallback shader 'Toon/Lit Cutout (Double)' not found
Shader '.poiyomi/Patreon/Tessellation/Outlines Cutout': fallback shader 'Toon/Lit Cutout (Double)' not found
Shader '.poiyomi/Patreon/Particle2/Cutout': fallback shader 'Toon/Lit Cutout (Double)' not found
Shader '.poiyomi/Patreon/Tessellation/Cutout': fallback shader 'Toon/Lit Cutout (Double)' not found
Shader '.poiyomi/Patreon/Particle2/Transparent': fallback shader 'Toon/Lit Cutout (Double)' not found
Shader '.poiyomi/Patreon/Wireframe Cutout': fallback shader 'Toon/Lit Cutout (Double)' not found
Shader '.poiyomi/Patreon/Wireframe Transparent': fallback shader 'Toon/Lit Cutout (Double)' not found
Shader '.poiyomi/Patreon/Particle2/Outline Transparent': fallback shader 'Toon/Lit Cutout (Double)' not found
Launched and connected shader compiler UnityShaderCompiler.exe after 0.05 seconds
Refreshing native plugins compatible for Editor in 1.17 ms, found 3 plugins.
Preloading 0 native plugins for Editor in 0.00 ms.
Unloading 3438 Unused Serialized files (Serialized files now loaded: 0)
Unloading 28 unused Assets / (114.1 KB). Loaded Objects now: 3895.
Memory consumption went from 133.9 MB to 133.8 MB.
Total: 4.463900 ms (FindLiveObjects: 0.423500 ms CreateObjectMapping: 0.197700 ms MarkObjects: 3.694000 ms  DeleteObjects: 0.147800 ms)

AssetImportParameters requested are different than current active one (requested -> active):
  custom:video-decoder-ogg-theora: a1e56fd34408186e4bbccfd4996cb3dc -> 
  custom:container-muxer-webm: aa71ff27fc2769a1b78a27578f13a17b -> 
  custom:container-demuxer-webm: 4f35f7cbe854078d1ac9338744f61a02 -> 
  custom:video-encoder-webm-vp8: eb34c28f22e8b96e1ab97ce403110664 -> 
  custom:audio-encoder-webm-vorbis: bf7c407c2cedff20999df2af8eb42d56 -> 
  custom:framework-win-MediaFoundation: 216162199b28c13a410421893ffa2e32 -> 
  custom:container-demuxer-ogg: 62fdf1f143b41e24485cea50d1cbac27 -> 
  custom:video-decoder-webm-vp8: 9c59270c3fd7afecdb556c50c9e8de78 -> 
  custom:audio-decoder-ogg-vorbis: bf7c407c2cedff20999df2af8eb42d56 -> 
========================================================================
Received Import Request.
  Time since last request: 1072294.908641 seconds.
  path: Assets/_PoiyomiShaders/Textures/Matcaps/T_Matcap_MC (25).png
  artifactKey: Guid(194efd6ff3768ab44b7ad9647dcd9d7e) Importer(815301076,1909f56bfc062723c751e8b465ee728b)
Start importing Assets/_PoiyomiShaders/Textures/Matcaps/T_Matcap_MC (25).png using Guid(194efd6ff3768ab44b7ad9647dcd9d7e) Importer(815301076,1909f56bfc062723c751e8b465ee728b)  -> (artifact id: '78af256aa91b51c28afc7c1870bedaad') in 0.063541 seconds 
========================================================================
Received Import Request.
  Time since last request: 0.292615 seconds.
  path: Assets/_PoiyomiShaders/Textures/Matcaps/T_Matcap_MC (28).jpg
  artifactKey: Guid(54a1fdb38de704840acc087caf4683bf) Importer(815301076,1909f56bfc062723c751e8b465ee728b)
Start importing Assets/_PoiyomiShaders/Textures/Matcaps/T_Matcap_MC (28).jpg using Guid(54a1fdb38de704840acc087caf4683bf) Importer(815301076,1909f56bfc062723c751e8b465ee728b)  -> (artifact id: '87642b3fce86c0751946d1adfd89e625') in 0.035006 seconds 
========================================================================
Received Import Request.
  Time since last request: 14.312549 seconds.
  path: Assets/_PoiyomiShaders/Textures/Matcaps/T_Matcap_MC (30).png
  artifactKey: Guid(8b0294a2d71b5044180c0ace903cd6bf) Importer(815301076,1909f56bfc062723c751e8b465ee728b)
Start importing Assets/_PoiyomiShaders/Textures/Matcaps/T_Matcap_MC (30).png using Guid(8b0294a2d71b5044180c0ace903cd6bf) Importer(815301076,1909f56bfc062723c751e8b465ee728b)  -> (artifact id: '074546a1b350774a362a02c4641f5b7c') in 0.036981 seconds 
========================================================================
Received Import Request.
  Time since last request: 0.238407 seconds.
  path: Assets/_PoiyomiShaders/Textures/Matcaps/T_Matcap_MC (33).jpg
  artifactKey: Guid(9093fc5a69128ad4b8d57fdfa63614ad) Importer(815301076,1909f56bfc062723c751e8b465ee728b)
Start importing Assets/_PoiyomiShaders/Textures/Matcaps/T_Matcap_MC (33).jpg using Guid(9093fc5a69128ad4b8d57fdfa63614ad) Importer(815301076,1909f56bfc062723c751e8b465ee728b)  -> (artifact id: 'bab4c88684572208e92033b56116481c') in 0.010901 seconds 
========================================================================
Received Import Request.
  Time since last request: 0.045955 seconds.
  path: Assets/_PoiyomiShaders/Textures/Matcaps/T_Matcap_MC (37).png
  artifactKey: Guid(3e5c458f086955147b31f6fc5f0e118a) Importer(815301076,1909f56bfc062723c751e8b465ee728b)
Start importing Assets/_PoiyomiShaders/Textures/Matcaps/T_Matcap_MC (37).png using Guid(3e5c458f086955147b31f6fc5f0e118a) Importer(815301076,1909f56bfc062723c751e8b465ee728b)  -> (artifact id: '4fc26f19b4af81d179a695944983912d') in 0.016893 seconds 
========================================================================
Received Import Request.
  Time since last request: 0.000014 seconds.
  path: Assets/_PoiyomiShaders/Textures/Matcaps/T_Matcap_MC (43).png
  artifactKey: Guid(46ec5de8b6955e74b85a8173d64fd30f) Importer(815301076,1909f56bfc062723c751e8b465ee728b)
Start importing Assets/_PoiyomiShaders/Textures/Matcaps/T_Matcap_MC (43).png using Guid(46ec5de8b6955e74b85a8173d64fd30f) Importer(815301076,1909f56bfc062723c751e8b465ee728b)  -> (artifact id: '62b56f1128cb0f2b0b0c966acd05d739') in 0.008161 seconds 
Editor requested this worker to shutdown with reason: Scaling down because of idle timeout
AssetImportWorker is now disconnected from the server
Process exiting
Exiting without the bug reporter. Application will terminate with return code 0