Using pre-set license
Built from '2021.3/staging' branch; Version is '2021.3.16f1 (4016570cf34f) revision 4200023'; Using compiler version '192829333'; Build Type 'Release'
OS: 'Windows 10  (10.0.19043) 64bit Professional' Language: 'en' Physical Memory: 32689 MB
BatchMode: 1, IsHumanControllingUs: 0, StartBugReporterOnCrash: 0, Is64bit: 1, IsPro: 1

COMMAND LINE ARGUMENTS:
C:\Program Files\Unity\Hub\Editor\2021.3.16f1\Editor\Unity.exe
-adb2
-batchMode
-noUpm
-name
AssetImportWorker0
-projectPath
E:/GAME-121 REPO/game-121/Basic FPS
-logFile
Logs/AssetImportWorker0.log
-srvPort
49736
Successfully changed project path to: E:/GAME-121 REPO/game-121/Basic FPS
E:/GAME-121 REPO/game-121/Basic FPS
[UnityMemory] Configuration Parameters - Can be set up in boot.config
    "memorysetup-bucket-allocator-granularity=16"
    "memorysetup-bucket-allocator-bucket-count=8"
    "memorysetup-bucket-allocator-block-size=33554432"
    "memorysetup-bucket-allocator-block-count=8"
    "memorysetup-main-allocator-block-size=16777216"
    "memorysetup-thread-allocator-block-size=16777216"
    "memorysetup-gfx-main-allocator-block-size=16777216"
    "memorysetup-gfx-thread-allocator-block-size=16777216"
    "memorysetup-cache-allocator-block-size=4194304"
    "memorysetup-typetree-allocator-block-size=2097152"
    "memorysetup-profiler-bucket-allocator-granularity=16"
    "memorysetup-profiler-bucket-allocator-bucket-count=8"
    "memorysetup-profiler-bucket-allocator-block-size=33554432"
    "memorysetup-profiler-bucket-allocator-block-count=8"
    "memorysetup-profiler-allocator-block-size=16777216"
    "memorysetup-profiler-editor-allocator-block-size=1048576"
    "memorysetup-temp-allocator-size-main=16777216"
    "memorysetup-job-temp-allocator-block-size=2097152"
    "memorysetup-job-temp-allocator-block-size-background=1048576"
    "memorysetup-job-temp-allocator-reduction-small-platforms=262144"
    "memorysetup-temp-allocator-size-background-worker=32768"
    "memorysetup-temp-allocator-size-job-worker=262144"
    "memorysetup-temp-allocator-size-preload-manager=33554432"
    "memorysetup-temp-allocator-size-nav-mesh-worker=65536"
    "memorysetup-temp-allocator-size-audio-worker=65536"
    "memorysetup-temp-allocator-size-cloud-worker=32768"
    "memorysetup-temp-allocator-size-gi-baking-worker=262144"
    "memorysetup-temp-allocator-size-gfx=262144"
Player connection [60896] Host "[IP] 192.168.4.47 [Port] 0 [Flags] 2 [Guid] 932320540 [EditorId] 932320540 [Version] 1048832 [Id] WindowsEditor(7,DESKTOP-EVAN) [Debug] 1 [PackageName] WindowsEditor [ProjectName] Editor" joined multi-casting on [225.0.0.222:54997]...

Player connection [60896] Host "[IP] 192.168.4.47 [Port] 0 [Flags] 2 [Guid] 932320540 [EditorId] 932320540 [Version] 1048832 [Id] WindowsEditor(7,DESKTOP-EVAN) [Debug] 1 [PackageName] WindowsEditor [ProjectName] Editor" joined alternative multi-casting on [225.0.0.222:34997]...

Refreshing native plugins compatible for Editor in 63.92 ms, found 3 plugins.
Preloading 0 native plugins for Editor in 0.00 ms.
Initialize engine version: 2021.3.16f1 (4016570cf34f)
[Subsystems] Discovering subsystems at path C:/Program Files/Unity/Hub/Editor/2021.3.16f1/Editor/Data/Resources/UnitySubsystems
[Subsystems] Discovering subsystems at path E:/GAME-121 REPO/game-121/Basic FPS/Assets
GfxDevice: creating device client; threaded=0; jobified=0
Direct3D:
    Version:  Direct3D 11.0 [level 11.1]
    Renderer: NVIDIA GeForce RTX 2080 SUPER (ID=0x1e81)
    Vendor:   NVIDIA
    VRAM:     8001 MB
    Driver:   31.0.15.2756
Initialize mono
Mono path[0] = 'C:/Program Files/Unity/Hub/Editor/2021.3.16f1/Editor/Data/Managed'
Mono path[1] = 'C:/Program Files/Unity/Hub/Editor/2021.3.16f1/Editor/Data/MonoBleedingEdge/lib/mono/unityjit-win32'
Mono config path = 'C:/Program Files/Unity/Hub/Editor/2021.3.16f1/Editor/Data/MonoBleedingEdge/etc'
Using monoOptions --debugger-agent=transport=dt_socket,embedding=1,server=y,suspend=n,address=127.0.0.1:56272
Begin MonoManager ReloadAssembly
Registering precompiled unity dll's ...
Register platform support module: C:/Program Files/Unity/Hub/Editor/2021.3.16f1/Editor/Data/PlaybackEngines/WindowsStandaloneSupport/UnityEditor.WindowsStandalone.Extensions.dll
Registered in 0.006245 seconds.
Native extension for WindowsStandalone target not found
Refreshing native plugins compatible for Editor in 62.90 ms, found 3 plugins.
Preloading 0 native plugins for Editor in 0.00 ms.
Mono: successfully reloaded assembly
- Completed reload, in  0.490 seconds
Domain Reload Profiling:
	ReloadAssembly (491ms)
		BeginReloadAssembly (58ms)
			ExecutionOrderSort (0ms)
			DisableScriptedObjects (0ms)
			BackupInstance (0ms)
			ReleaseScriptingObjects (0ms)
			CreateAndSetChildDomain (1ms)
		EndReloadAssembly (348ms)
			LoadAssemblies (56ms)
			RebuildTransferFunctionScriptingTraits (0ms)
			SetupTypeCache (69ms)
			ReleaseScriptCaches (0ms)
			RebuildScriptCaches (18ms)
			SetupLoadedEditorAssemblies (222ms)
				LogAssemblyErrors (0ms)
				InitializePlatformSupportModulesInManaged (6ms)
				SetLoadedEditorAssemblies (0ms)
				RefreshPlugins (63ms)
				BeforeProcessingInitializeOnLoad (1ms)
				ProcessInitializeOnLoadAttributes (116ms)
				ProcessInitializeOnLoadMethodAttributes (36ms)
				AfterProcessingInitializeOnLoad (0ms)
				EditorAssembliesLoaded (0ms)
			ExecutionOrderSort2 (0ms)
			AwakeInstancesAfterBackupRestoration (0ms)
Platform modules already initialized, skipping
Registering precompiled user dll's ...
Registered in 0.003618 seconds.
Begin MonoManager ReloadAssembly
Symbol file LoadedFromMemory doesn't match image E:\GAME-121 REPO\game-121\Basic FPS\Library\PackageCache\com.unity.visualscripting@1.7.8\Editor\VisualScripting.Core\Dependencies\YamlDotNet\Unity.VisualScripting.YamlDotNet.dll
Symbol file LoadedFromMemory doesn't match image E:\GAME-121 REPO\game-121\Basic FPS\Library\PackageCache\com.unity.visualscripting@1.7.8\Editor\VisualScripting.Core\Dependencies\DotNetZip\Unity.VisualScripting.IonicZip.dll
Native extension for WindowsStandalone target not found
Refreshing native plugins compatible for Editor in 0.66 ms, found 3 plugins.
Preloading 0 native plugins for Editor in 0.00 ms.
Mono: successfully reloaded assembly
- Completed reload, in  0.763 seconds
Domain Reload Profiling:
	ReloadAssembly (764ms)
		BeginReloadAssembly (86ms)
			ExecutionOrderSort (0ms)
			DisableScriptedObjects (5ms)
			BackupInstance (0ms)
			ReleaseScriptingObjects (0ms)
			CreateAndSetChildDomain (15ms)
		EndReloadAssembly (590ms)
			LoadAssemblies (60ms)
			RebuildTransferFunctionScriptingTraits (0ms)
			SetupTypeCache (183ms)
			ReleaseScriptCaches (1ms)
			RebuildScriptCaches (35ms)
			SetupLoadedEditorAssemblies (286ms)
				LogAssemblyErrors (0ms)
				InitializePlatformSupportModulesInManaged (5ms)
				SetLoadedEditorAssemblies (0ms)
				RefreshPlugins (1ms)
				BeforeProcessingInitializeOnLoad (69ms)
				ProcessInitializeOnLoadAttributes (185ms)
				ProcessInitializeOnLoadMethodAttributes (19ms)
				AfterProcessingInitializeOnLoad (8ms)
				EditorAssembliesLoaded (0ms)
			ExecutionOrderSort2 (0ms)
			AwakeInstancesAfterBackupRestoration (4ms)
Platform modules already initialized, skipping
========================================================================
Worker process is ready to serve import requests
Launched and connected shader compiler UnityShaderCompiler.exe after 0.04 seconds
Refreshing native plugins compatible for Editor in 0.36 ms, found 3 plugins.
Preloading 0 native plugins for Editor in 0.00 ms.
Unloading 3361 Unused Serialized files (Serialized files now loaded: 0)
Unloading 27 unused Assets / (113.7 KB). Loaded Objects now: 3818.
Memory consumption went from 115.6 MB to 115.5 MB.
Total: 2.491100 ms (FindLiveObjects: 0.185700 ms CreateObjectMapping: 0.097400 ms MarkObjects: 2.144100 ms  DeleteObjects: 0.063200 ms)

AssetImportParameters requested are different than current active one (requested -> active):
  custom:video-decoder-ogg-theora: a1e56fd34408186e4bbccfd4996cb3dc -> 
  custom:container-muxer-webm: aa71ff27fc2769a1b78a27578f13a17b -> 
  custom:container-demuxer-webm: 4f35f7cbe854078d1ac9338744f61a02 -> 
  custom:video-encoder-webm-vp8: eb34c28f22e8b96e1ab97ce403110664 -> 
  custom:audio-encoder-webm-vorbis: bf7c407c2cedff20999df2af8eb42d56 -> 
  custom:framework-win-MediaFoundation: 216162199b28c13a410421893ffa2e32 -> 
  custom:container-demuxer-ogg: 62fdf1f143b41e24485cea50d1cbac27 -> 
  custom:video-decoder-webm-vp8: 9c59270c3fd7afecdb556c50c9e8de78 -> 
  custom:audio-decoder-ogg-vorbis: bf7c407c2cedff20999df2af8eb42d56 -> 
========================================================================
Received Import Request.
  Time since last request: 1071853.314141 seconds.
  path: Assets/FPS ak 2.fbx
  artifactKey: Guid(a3cbf8cbcc31e054ca75861b159ef4f5) Importer(815301076,1909f56bfc062723c751e8b465ee728b)
Start importing Assets/FPS ak 2.fbx using Guid(a3cbf8cbcc31e054ca75861b159ef4f5) Importer(815301076,1909f56bfc062723c751e8b465ee728b)  -> (artifact id: '78ad3d56990834722f425f137910eef7') in 0.136809 seconds 
========================================================================
Received Import Request.
  Time since last request: 8.324485 seconds.
  path: Assets/ak2.ogg
  artifactKey: Guid(3e89f374ab4243d46805c8473dc3caf2) Importer(815301076,1909f56bfc062723c751e8b465ee728b)
Start importing Assets/ak2.ogg using Guid(3e89f374ab4243d46805c8473dc3caf2) Importer(815301076,1909f56bfc062723c751e8b465ee728b)  -> (artifact id: 'c2c5e4db2f437489ae35cff19752dc0a') in 0.032881 seconds 
========================================================================
Received Import Request.
  Time since last request: 97.576621 seconds.
  path: Assets/fps ak101.fbx
  artifactKey: Guid(403b11c7e4883aa4bbf79c511f2b15ae) Importer(815301076,1909f56bfc062723c751e8b465ee728b)
Start importing Assets/fps ak101.fbx using Guid(403b11c7e4883aa4bbf79c511f2b15ae) Importer(815301076,1909f56bfc062723c751e8b465ee728b)  -> (artifact id: 'cccf6fb0bb6ff919859179f6acc460da') in 0.014923 seconds 
========================================================================
Received Import Request.
  Time since last request: 172.136980 seconds.
  path: Assets/Gun Stuff
  artifactKey: Guid(5146988a6657015458aabfaa36f0c884) Importer(815301076,1909f56bfc062723c751e8b465ee728b)
Start importing Assets/Gun Stuff using Guid(5146988a6657015458aabfaa36f0c884) Importer(815301076,1909f56bfc062723c751e8b465ee728b)  -> (artifact id: '7a43f83695946cf4b393a6944ce39593') in 0.005152 seconds 
========================================================================
Received Prepare
Registering precompiled user dll's ...
Registered in 0.003320 seconds.
Begin MonoManager ReloadAssembly
Symbol file LoadedFromMemory doesn't match image E:\GAME-121 REPO\game-121\Basic FPS\Library\PackageCache\com.unity.visualscripting@1.7.8\Editor\VisualScripting.Core\Dependencies\YamlDotNet\Unity.VisualScripting.YamlDotNet.dll
Symbol file LoadedFromMemory doesn't match image E:\GAME-121 REPO\game-121\Basic FPS\Library\PackageCache\com.unity.visualscripting@1.7.8\Editor\VisualScripting.Core\Dependencies\DotNetZip\Unity.VisualScripting.IonicZip.dll
Native extension for WindowsStandalone target not found
Refreshing native plugins compatible for Editor in 82.98 ms, found 3 plugins.
Preloading 0 native plugins for Editor in 0.00 ms.
Mono: successfully reloaded assembly
- Completed reload, in  2.446 seconds
Domain Reload Profiling:
	ReloadAssembly (2446ms)
		BeginReloadAssembly (358ms)
			ExecutionOrderSort (0ms)
			DisableScriptedObjects (7ms)
			BackupInstance (0ms)
			ReleaseScriptingObjects (0ms)
			CreateAndSetChildDomain (101ms)
		EndReloadAssembly (1747ms)
			LoadAssemblies (1046ms)
			RebuildTransferFunctionScriptingTraits (0ms)
			SetupTypeCache (293ms)
			ReleaseScriptCaches (1ms)
			RebuildScriptCaches (41ms)
			SetupLoadedEditorAssemblies (409ms)
				LogAssemblyErrors (0ms)
				InitializePlatformSupportModulesInManaged (12ms)
				SetLoadedEditorAssemblies (0ms)
				RefreshPlugins (83ms)
				BeforeProcessingInitializeOnLoad (87ms)
				ProcessInitializeOnLoadAttributes (199ms)
				ProcessInitializeOnLoadMethodAttributes (20ms)
				AfterProcessingInitializeOnLoad (8ms)
				EditorAssembliesLoaded (0ms)
			ExecutionOrderSort2 (0ms)
			AwakeInstancesAfterBackupRestoration (6ms)
Platform modules already initialized, skipping
Shader '.poiyomi/Patreon/Particle2/Outline Transparent': fallback shader 'Toon/Lit Cutout (Double)' not found
Shader '.poiyomi/Patreon/Tessellation/Outlines Cutout': fallback shader 'Toon/Lit Cutout (Double)' not found
Shader '.poiyomi/Patreon/Particle2/Transparent': fallback shader 'Toon/Lit Cutout (Double)' not found
Shader '.poiyomi/Patreon/Wireframe Transparent': fallback shader 'Toon/Lit Cutout (Double)' not found
Shader '.poiyomi/Patreon/Particle2/Cutout': fallback shader 'Toon/Lit Cutout (Double)' not found
Shader '.poiyomi/Patreon/Tessellation/Cutout': fallback shader 'Toon/Lit Cutout (Double)' not found
Shader '.poiyomi/Patreon/Particle2/Outline Cutout': fallback shader 'Toon/Lit Cutout (Double)' not found
Shader '.poiyomi/Patreon/Tessellation/Transparent': fallback shader 'Toon/Lit Cutout (Double)' not found
Shader '.poiyomi/Patreon/Wireframe Cutout': fallback shader 'Toon/Lit Cutout (Double)' not found
Shader '.poiyomi/Patreon/Particle2/Cutout': fallback shader 'Toon/Lit Cutout (Double)' not found
Shader '.poiyomi/Patreon/Particle2/Outline Transparent': fallback shader 'Toon/Lit Cutout (Double)' not found
Shader '.poiyomi/Patreon/Tessellation/Cutout': fallback shader 'Toon/Lit Cutout (Double)' not found
Shader '.poiyomi/Patreon/Wireframe Transparent': fallback shader 'Toon/Lit Cutout (Double)' not found
Shader '.poiyomi/Patreon/Particle2/Transparent': fallback shader 'Toon/Lit Cutout (Double)' not found
Shader '.poiyomi/Patreon/Tessellation/Outlines Cutout': fallback shader 'Toon/Lit Cutout (Double)' not found
Shader '.poiyomi/Patreon/Particle2/Outline Cutout': fallback shader 'Toon/Lit Cutout (Double)' not found
Shader '.poiyomi/Patreon/Wireframe Cutout': fallback shader 'Toon/Lit Cutout (Double)' not found
Shader '.poiyomi/Patreon/Tessellation/Transparent': fallback shader 'Toon/Lit Cutout (Double)' not found
Refreshing native plugins compatible for Editor in 1.41 ms, found 3 plugins.
Preloading 0 native plugins for Editor in 0.00 ms.
Unloading 3434 Unused Serialized files (Serialized files now loaded: 0)
Unloading 44 unused Assets / (8.7 MB). Loaded Objects now: 3921.
Memory consumption went from 137.3 MB to 128.6 MB.
Total: 5.568400 ms (FindLiveObjects: 0.230800 ms CreateObjectMapping: 0.097700 ms MarkObjects: 2.229900 ms  DeleteObjects: 3.009200 ms)

AssetImportParameters requested are different than current active one (requested -> active):
  custom:video-decoder-ogg-theora: a1e56fd34408186e4bbccfd4996cb3dc -> 
  custom:container-muxer-webm: aa71ff27fc2769a1b78a27578f13a17b -> 
  custom:container-demuxer-webm: 4f35f7cbe854078d1ac9338744f61a02 -> 
  custom:video-encoder-webm-vp8: eb34c28f22e8b96e1ab97ce403110664 -> 
  custom:audio-encoder-webm-vorbis: bf7c407c2cedff20999df2af8eb42d56 -> 
  custom:framework-win-MediaFoundation: 216162199b28c13a410421893ffa2e32 -> 
  custom:container-demuxer-ogg: 62fdf1f143b41e24485cea50d1cbac27 -> 
  custom:video-decoder-webm-vp8: 9c59270c3fd7afecdb556c50c9e8de78 -> 
  custom:audio-decoder-ogg-vorbis: bf7c407c2cedff20999df2af8eb42d56 -> 
========================================================================
Received Import Request.
  Time since last request: 93.323331 seconds.
  path: Assets/Materials/Gun.mat
  artifactKey: Guid(263d995980fd7ee418c8dbf0972e7dda) Importer(815301076,1909f56bfc062723c751e8b465ee728b)
Start importing Assets/Materials/Gun.mat using Guid(263d995980fd7ee418c8dbf0972e7dda) Importer(815301076,1909f56bfc062723c751e8b465ee728b)  -> (artifact id: '091ecffad327062b7b7df4dd7546e3c8') in 0.061994 seconds 
========================================================================
Received Import Request.
  Time since last request: 42.518062 seconds.
  path: Assets/Materials/metal normal.png
  artifactKey: Guid(75ccec9f78f3fd24b929d7b2c4516792) Importer(815301076,1909f56bfc062723c751e8b465ee728b)
Start importing Assets/Materials/metal normal.png using Guid(75ccec9f78f3fd24b929d7b2c4516792) Importer(815301076,1909f56bfc062723c751e8b465ee728b)  -> (artifact id: '059f9c0de0544c23797f35d167979630') in 0.018447 seconds 
========================================================================
Received Import Request.
  Time since last request: 2.987716 seconds.
  path: Assets/Materials/metal normal.png
  artifactKey: Guid(75ccec9f78f3fd24b929d7b2c4516792) Importer(815301076,1909f56bfc062723c751e8b465ee728b)
Start importing Assets/Materials/metal normal.png using Guid(75ccec9f78f3fd24b929d7b2c4516792) Importer(815301076,1909f56bfc062723c751e8b465ee728b)  -> (artifact id: 'f89197a77c5590ae16790261afe47010') in 0.016098 seconds 
========================================================================
Received Import Request.
  Time since last request: 18.549224 seconds.
  path: Assets/_PoiyomiShaders/Textures/Matcaps/LatexMatcap2.png
  artifactKey: Guid(1db11fa2fd2d3fe47b1f585645db2a5a) Importer(815301076,1909f56bfc062723c751e8b465ee728b)
Start importing Assets/_PoiyomiShaders/Textures/Matcaps/LatexMatcap2.png using Guid(1db11fa2fd2d3fe47b1f585645db2a5a) Importer(815301076,1909f56bfc062723c751e8b465ee728b)  -> (artifact id: 'afc4ef586ec2bb4edd1fdd5a47ed271a') in 0.011137 seconds 
========================================================================
Received Import Request.
  Time since last request: 0.003745 seconds.
  path: Assets/_PoiyomiShaders/Textures/Matcaps/T_Matcap_MC (1).bmp
  artifactKey: Guid(119bfe51061529d40929df43ea5b5687) Importer(815301076,1909f56bfc062723c751e8b465ee728b)
Start importing Assets/_PoiyomiShaders/Textures/Matcaps/T_Matcap_MC (1).bmp using Guid(119bfe51061529d40929df43ea5b5687) Importer(815301076,1909f56bfc062723c751e8b465ee728b)  -> (artifact id: '66476f0544a2cf6d13b829c4700cbf3d') in 0.039034 seconds 
========================================================================
Received Import Request.
  Time since last request: 0.000015 seconds.
  path: Assets/_PoiyomiShaders/Textures/Matcaps/T_Matcap_MC (6).jpg
  artifactKey: Guid(9bb7c453de514554db5dbb8a2cfc672b) Importer(815301076,1909f56bfc062723c751e8b465ee728b)
Start importing Assets/_PoiyomiShaders/Textures/Matcaps/T_Matcap_MC (6).jpg using Guid(9bb7c453de514554db5dbb8a2cfc672b) Importer(815301076,1909f56bfc062723c751e8b465ee728b)  -> (artifact id: '2437cde33b1115762e34f8c1431e3e92') in 0.011583 seconds 
========================================================================
Received Import Request.
  Time since last request: 0.000010 seconds.
  path: Assets/_PoiyomiShaders/Textures/Matcaps/T_Matcap_MC (5).jpg
  artifactKey: Guid(625ea777e073d1644a0e1eb481eec64a) Importer(815301076,1909f56bfc062723c751e8b465ee728b)
Start importing Assets/_PoiyomiShaders/Textures/Matcaps/T_Matcap_MC (5).jpg using Guid(625ea777e073d1644a0e1eb481eec64a) Importer(815301076,1909f56bfc062723c751e8b465ee728b)  -> (artifact id: 'cbc1363fc837c4b8525c0a44a7a2bc3d') in 0.008754 seconds 
========================================================================
Received Import Request.
  Time since last request: 0.000013 seconds.
  path: Assets/_PoiyomiShaders/Textures/Matcaps/T_Matcap_MC (3).png
  artifactKey: Guid(f5303b4da8057574c84c7322a19702b7) Importer(815301076,1909f56bfc062723c751e8b465ee728b)
Start importing Assets/_PoiyomiShaders/Textures/Matcaps/T_Matcap_MC (3).png using Guid(f5303b4da8057574c84c7322a19702b7) Importer(815301076,1909f56bfc062723c751e8b465ee728b)  -> (artifact id: '1e3292e5f77875bd00435ac44548b241') in 0.009926 seconds 
========================================================================
Received Import Request.
  Time since last request: 0.000011 seconds.
  path: Assets/_PoiyomiShaders/Textures/Matcaps/T_Matcap_MC (8).jpg
  artifactKey: Guid(30c6e066a187de543a9e1bae3a6c6852) Importer(815301076,1909f56bfc062723c751e8b465ee728b)
Start importing Assets/_PoiyomiShaders/Textures/Matcaps/T_Matcap_MC (8).jpg using Guid(30c6e066a187de543a9e1bae3a6c6852) Importer(815301076,1909f56bfc062723c751e8b465ee728b)  -> (artifact id: 'd54de30ea40bcadedebaebe3627295ec') in 0.009808 seconds 
========================================================================
Received Import Request.
  Time since last request: 0.000012 seconds.
  path: Assets/_PoiyomiShaders/Textures/Matcaps/T_Matcap_MC (10).png
  artifactKey: Guid(c9e5ea5d5e5e6f740815297d05d53ed4) Importer(815301076,1909f56bfc062723c751e8b465ee728b)
Start importing Assets/_PoiyomiShaders/Textures/Matcaps/T_Matcap_MC (10).png using Guid(c9e5ea5d5e5e6f740815297d05d53ed4) Importer(815301076,1909f56bfc062723c751e8b465ee728b)  -> (artifact id: '46d5d4317802a037d52cff6230251e08') in 0.008820 seconds 
========================================================================
Received Import Request.
  Time since last request: 0.000016 seconds.
  path: Assets/_PoiyomiShaders/Textures/Matcaps/T_Matcap_MC (3).jpg
  artifactKey: Guid(8d2fc396afb45da4bb76782b8fc0f4a5) Importer(815301076,1909f56bfc062723c751e8b465ee728b)
Start importing Assets/_PoiyomiShaders/Textures/Matcaps/T_Matcap_MC (3).jpg using Guid(8d2fc396afb45da4bb76782b8fc0f4a5) Importer(815301076,1909f56bfc062723c751e8b465ee728b)  -> (artifact id: '3d314e3c03f679f81727db48a1f43ab8') in 0.011977 seconds 
========================================================================
Received Import Request.
  Time since last request: 0.000022 seconds.
  path: Assets/_PoiyomiShaders/Textures/Matcaps/T_Matcap_MC (8).png
  artifactKey: Guid(e8626a4d5c2f311438c72481922d7efe) Importer(815301076,1909f56bfc062723c751e8b465ee728b)
Start importing Assets/_PoiyomiShaders/Textures/Matcaps/T_Matcap_MC (8).png using Guid(e8626a4d5c2f311438c72481922d7efe) Importer(815301076,1909f56bfc062723c751e8b465ee728b)  -> (artifact id: '06408217c0cbdf82426c57ffbe5a9a44') in 0.008734 seconds 
========================================================================
Received Import Request.
  Time since last request: 0.000014 seconds.
  path: Assets/_PoiyomiShaders/Textures/Matcaps/T_Matcap_MC (6).png
  artifactKey: Guid(33148cf06f81cac40b9b18a9aa5b3bff) Importer(815301076,1909f56bfc062723c751e8b465ee728b)
Start importing Assets/_PoiyomiShaders/Textures/Matcaps/T_Matcap_MC (6).png using Guid(33148cf06f81cac40b9b18a9aa5b3bff) Importer(815301076,1909f56bfc062723c751e8b465ee728b)  -> (artifact id: '35cc28d72de218ad9bfe925db6d73be5') in 0.007522 seconds 
========================================================================
Received Import Request.
  Time since last request: 0.000013 seconds.
  path: Assets/_PoiyomiShaders/Textures/Matcaps/T_Matcap_MC (7).png
  artifactKey: Guid(0e50551111e650f44bebc5d6f589d704) Importer(815301076,1909f56bfc062723c751e8b465ee728b)
Start importing Assets/_PoiyomiShaders/Textures/Matcaps/T_Matcap_MC (7).png using Guid(0e50551111e650f44bebc5d6f589d704) Importer(815301076,1909f56bfc062723c751e8b465ee728b)  -> (artifact id: 'd2b4928e61a508781971497892da651f') in 0.007860 seconds 
========================================================================
Received Import Request.
  Time since last request: 0.000011 seconds.
  path: Assets/_PoiyomiShaders/Textures/Matcaps/T_Matcap_MC (12).jpg
  artifactKey: Guid(16cfdbf57bd4a5f4e8a240217503734a) Importer(815301076,1909f56bfc062723c751e8b465ee728b)
Start importing Assets/_PoiyomiShaders/Textures/Matcaps/T_Matcap_MC (12).jpg using Guid(16cfdbf57bd4a5f4e8a240217503734a) Importer(815301076,1909f56bfc062723c751e8b465ee728b)  -> (artifact id: 'b01a628b2a1a4352e338d1963b6ecf29') in 0.009137 seconds 
========================================================================
Received Import Request.
  Time since last request: 0.000017 seconds.
  path: Assets/_PoiyomiShaders/Textures/Matcaps/T_Matcap_MC (12).png
  artifactKey: Guid(c5758d4a5402db14c856bc927fcd9582) Importer(815301076,1909f56bfc062723c751e8b465ee728b)
Start importing Assets/_PoiyomiShaders/Textures/Matcaps/T_Matcap_MC (12).png using Guid(c5758d4a5402db14c856bc927fcd9582) Importer(815301076,1909f56bfc062723c751e8b465ee728b)  -> (artifact id: '07151ab89268fd0e143862b865ac5acb') in 0.007187 seconds 
========================================================================
Received Import Request.
  Time since last request: 0.000017 seconds.
  path: Assets/_PoiyomiShaders/Textures/Matcaps/T_Matcap_MC (1).png
  artifactKey: Guid(3dbb3be39df7e7c4eac60386a0f67ea8) Importer(815301076,1909f56bfc062723c751e8b465ee728b)
Start importing Assets/_PoiyomiShaders/Textures/Matcaps/T_Matcap_MC (1).png using Guid(3dbb3be39df7e7c4eac60386a0f67ea8) Importer(815301076,1909f56bfc062723c751e8b465ee728b)  -> (artifact id: '7c70bac1d4439a62577e2f41bc71cccd') in 0.006737 seconds 
========================================================================
Received Import Request.
  Time since last request: 0.000020 seconds.
  path: Assets/_PoiyomiShaders/Textures/Matcaps/T_Matcap_MC (11).png
  artifactKey: Guid(652deaaf3db3ffd49ac1658c5feed917) Importer(815301076,1909f56bfc062723c751e8b465ee728b)
Start importing Assets/_PoiyomiShaders/Textures/Matcaps/T_Matcap_MC (11).png using Guid(652deaaf3db3ffd49ac1658c5feed917) Importer(815301076,1909f56bfc062723c751e8b465ee728b)  -> (artifact id: '580a86466dc61a6d7e60a70bf6d2c04c') in 0.009111 seconds 
========================================================================
Received Import Request.
  Time since last request: 0.000012 seconds.
  path: Assets/_PoiyomiShaders/Textures/Matcaps/T_Matcap_MC (2).jpg
  artifactKey: Guid(ffefc5ef27c0c5542b545dd6169d0428) Importer(815301076,1909f56bfc062723c751e8b465ee728b)
Start importing Assets/_PoiyomiShaders/Textures/Matcaps/T_Matcap_MC (2).jpg using Guid(ffefc5ef27c0c5542b545dd6169d0428) Importer(815301076,1909f56bfc062723c751e8b465ee728b)  -> (artifact id: 'e175dc1253fbbb6cce76f87bbd5db63b') in 0.008154 seconds 
========================================================================
Received Import Request.
  Time since last request: 0.773051 seconds.
  path: Assets/_PoiyomiShaders/Textures/Matcaps/T_Matcap_MC (14).png
  artifactKey: Guid(b70fb87bdaed04d4db351ed4a1cf8433) Importer(815301076,1909f56bfc062723c751e8b465ee728b)
Start importing Assets/_PoiyomiShaders/Textures/Matcaps/T_Matcap_MC (14).png using Guid(b70fb87bdaed04d4db351ed4a1cf8433) Importer(815301076,1909f56bfc062723c751e8b465ee728b)  -> (artifact id: '0b50b3ade9336d9ee940e8b41d9cde98') in 0.029368 seconds 
========================================================================
Received Import Request.
  Time since last request: 0.000016 seconds.
  path: Assets/_PoiyomiShaders/Textures/Matcaps/T_Matcap_MC (15).png
  artifactKey: Guid(5ff5ddb61accef94bbd8aaad130b93e6) Importer(815301076,1909f56bfc062723c751e8b465ee728b)
Start importing Assets/_PoiyomiShaders/Textures/Matcaps/T_Matcap_MC (15).png using Guid(5ff5ddb61accef94bbd8aaad130b93e6) Importer(815301076,1909f56bfc062723c751e8b465ee728b)  -> (artifact id: '3590fbad91b81b25c2f4165240a0062a') in 0.008937 seconds 
========================================================================
Received Import Request.
  Time since last request: 0.396542 seconds.
  path: Assets/_PoiyomiShaders/Textures/Matcaps/T_Matcap_MC (16).png
  artifactKey: Guid(b2af0c8d2bd641648a8d1ec0b9536b17) Importer(815301076,1909f56bfc062723c751e8b465ee728b)
Start importing Assets/_PoiyomiShaders/Textures/Matcaps/T_Matcap_MC (16).png using Guid(b2af0c8d2bd641648a8d1ec0b9536b17) Importer(815301076,1909f56bfc062723c751e8b465ee728b)  -> (artifact id: 'bb13dc0a53f69c3e25e920a70f9d925c') in 0.008819 seconds 
========================================================================
Received Import Request.
  Time since last request: 0.000016 seconds.
  path: Assets/_PoiyomiShaders/Textures/Matcaps/T_Matcap_MC (17).png
  artifactKey: Guid(b2a2a720253b640459f15f64a371a83e) Importer(815301076,1909f56bfc062723c751e8b465ee728b)
Start importing Assets/_PoiyomiShaders/Textures/Matcaps/T_Matcap_MC (17).png using Guid(b2a2a720253b640459f15f64a371a83e) Importer(815301076,1909f56bfc062723c751e8b465ee728b)  -> (artifact id: '6395dbff6b475d23dd5e4df1ec3b5df2') in 0.010275 seconds 
========================================================================
Received Import Request.
  Time since last request: 0.056394 seconds.
  path: Assets/_PoiyomiShaders/Textures/Matcaps/T_Matcap_MC (19).png
  artifactKey: Guid(b9031c1f7aa3af84a9c6db1738c1ba59) Importer(815301076,1909f56bfc062723c751e8b465ee728b)
Start importing Assets/_PoiyomiShaders/Textures/Matcaps/T_Matcap_MC (19).png using Guid(b9031c1f7aa3af84a9c6db1738c1ba59) Importer(815301076,1909f56bfc062723c751e8b465ee728b)  -> (artifact id: '08e3fa38b8459a153b3148881ca27341') in 0.009563 seconds 
========================================================================
Received Import Request.
  Time since last request: 0.000016 seconds.
  path: Assets/_PoiyomiShaders/Textures/Matcaps/T_Matcap_MC (21).jpg
  artifactKey: Guid(b5e71f00f5605f64bb2b7e60473e750c) Importer(815301076,1909f56bfc062723c751e8b465ee728b)
Start importing Assets/_PoiyomiShaders/Textures/Matcaps/T_Matcap_MC (21).jpg using Guid(b5e71f00f5605f64bb2b7e60473e750c) Importer(815301076,1909f56bfc062723c751e8b465ee728b)  -> (artifact id: '6881710879cffea69899739b8373b161') in 0.008219 seconds 
========================================================================
Received Import Request.
  Time since last request: 0.509990 seconds.
  path: Assets/_PoiyomiShaders/Textures/Matcaps/T_Matcap_MC (21).png
  artifactKey: Guid(5586e7d602e5b49408769f87e8c907d2) Importer(815301076,1909f56bfc062723c751e8b465ee728b)
Start importing Assets/_PoiyomiShaders/Textures/Matcaps/T_Matcap_MC (21).png using Guid(5586e7d602e5b49408769f87e8c907d2) Importer(815301076,1909f56bfc062723c751e8b465ee728b)  -> (artifact id: '1cca7dfcf9ae4431b7405100b675af4c') in 0.009247 seconds 
========================================================================
Received Import Request.
  Time since last request: 0.000016 seconds.
  path: Assets/_PoiyomiShaders/Textures/Matcaps/T_Matcap_MC (23).png
  artifactKey: Guid(6fe30ec40a285ae4f90a2656a59b8048) Importer(815301076,1909f56bfc062723c751e8b465ee728b)
Start importing Assets/_PoiyomiShaders/Textures/Matcaps/T_Matcap_MC (23).png using Guid(6fe30ec40a285ae4f90a2656a59b8048) Importer(815301076,1909f56bfc062723c751e8b465ee728b)  -> (artifact id: '21fb1f4e3cbdf2cc6994c3d7ed9a6bce') in 0.008941 seconds 
========================================================================
Received Import Request.
  Time since last request: 0.000015 seconds.
  path: Assets/_PoiyomiShaders/Textures/Matcaps/T_Matcap_MC (22).png
  artifactKey: Guid(b36a67a8cb824694cbd0f71b5ba9de5e) Importer(815301076,1909f56bfc062723c751e8b465ee728b)
Start importing Assets/_PoiyomiShaders/Textures/Matcaps/T_Matcap_MC (22).png using Guid(b36a67a8cb824694cbd0f71b5ba9de5e) Importer(815301076,1909f56bfc062723c751e8b465ee728b)  -> (artifact id: '2736337bd41de9a8f5aa47178c494149') in 0.007651 seconds 
========================================================================
Received Import Request.
  Time since last request: 3.749353 seconds.
  path: Assets/_PoiyomiShaders/Textures/Matcaps/T_Matcap_MC (24).png
  artifactKey: Guid(bf41ad2e79589774f97ac0e6b7f950bf) Importer(815301076,1909f56bfc062723c751e8b465ee728b)
Start importing Assets/_PoiyomiShaders/Textures/Matcaps/T_Matcap_MC (24).png using Guid(bf41ad2e79589774f97ac0e6b7f950bf) Importer(815301076,1909f56bfc062723c751e8b465ee728b)  -> (artifact id: '9a984dc2c1f12b02f5779f7fb6a22a50') in 0.016217 seconds 
========================================================================
Received Import Request.
  Time since last request: 0.340036 seconds.
  path: Assets/_PoiyomiShaders/Textures/Matcaps/T_Matcap_MC (27).jpg
  artifactKey: Guid(f6a76475a220f20468f16ec0e17d67b1) Importer(815301076,1909f56bfc062723c751e8b465ee728b)
Start importing Assets/_PoiyomiShaders/Textures/Matcaps/T_Matcap_MC (27).jpg using Guid(f6a76475a220f20468f16ec0e17d67b1) Importer(815301076,1909f56bfc062723c751e8b465ee728b)  -> (artifact id: 'aedc519dfe08c3fdb25b869853bc9929') in 0.028374 seconds 
========================================================================
Received Import Request.
  Time since last request: 14.319256 seconds.
  path: Assets/_PoiyomiShaders/Textures/Matcaps/T_Matcap_MC (29).png
  artifactKey: Guid(893868d7303292244881c1e37a3113b4) Importer(815301076,1909f56bfc062723c751e8b465ee728b)
Start importing Assets/_PoiyomiShaders/Textures/Matcaps/T_Matcap_MC (29).png using Guid(893868d7303292244881c1e37a3113b4) Importer(815301076,1909f56bfc062723c751e8b465ee728b)  -> (artifact id: 'b9e5683bfaed977df4759a501eddf4f3') in 0.009911 seconds 
========================================================================
Received Import Request.
  Time since last request: 0.000013 seconds.
  path: Assets/_PoiyomiShaders/Textures/Matcaps/T_Matcap_MC (31).png
  artifactKey: Guid(c481b4ce3da24254d8535e039bddd9a2) Importer(815301076,1909f56bfc062723c751e8b465ee728b)
Start importing Assets/_PoiyomiShaders/Textures/Matcaps/T_Matcap_MC (31).png using Guid(c481b4ce3da24254d8535e039bddd9a2) Importer(815301076,1909f56bfc062723c751e8b465ee728b)  -> (artifact id: '224fe7791e519738b54cb0d4ba4c8f58') in 0.029700 seconds 
========================================================================
Received Import Request.
  Time since last request: 0.231774 seconds.
  path: Assets/_PoiyomiShaders/Textures/Matcaps/T_Matcap_MC (32).jpg
  artifactKey: Guid(789f2ef616997194d9a6075249378b36) Importer(815301076,1909f56bfc062723c751e8b465ee728b)
Start importing Assets/_PoiyomiShaders/Textures/Matcaps/T_Matcap_MC (32).jpg using Guid(789f2ef616997194d9a6075249378b36) Importer(815301076,1909f56bfc062723c751e8b465ee728b)  -> (artifact id: 'c030de89bbd35d70da5fbdb00e62d57e') in 0.012252 seconds 
========================================================================
Received Import Request.
  Time since last request: 0.044397 seconds.
  path: Assets/_PoiyomiShaders/Textures/Matcaps/T_Matcap_MC (35).png
  artifactKey: Guid(f5d590d6f058eab4ca5501856f5b48d2) Importer(815301076,1909f56bfc062723c751e8b465ee728b)
Start importing Assets/_PoiyomiShaders/Textures/Matcaps/T_Matcap_MC (35).png using Guid(f5d590d6f058eab4ca5501856f5b48d2) Importer(815301076,1909f56bfc062723c751e8b465ee728b)  -> (artifact id: '1fc0f08b22d95efff52cde1fa566aea8') in 0.010195 seconds 
========================================================================
Received Import Request.
  Time since last request: 0.000015 seconds.
  path: Assets/_PoiyomiShaders/Textures/Matcaps/T_Matcap_MC (39).png
  artifactKey: Guid(9d10c0c5b584761468fae139861a42de) Importer(815301076,1909f56bfc062723c751e8b465ee728b)
Start importing Assets/_PoiyomiShaders/Textures/Matcaps/T_Matcap_MC (39).png using Guid(9d10c0c5b584761468fae139861a42de) Importer(815301076,1909f56bfc062723c751e8b465ee728b)  -> (artifact id: '3cc405ccdb5e661917fea1b05151ba1b') in 0.009853 seconds 
========================================================================
Received Import Request.
  Time since last request: 0.000016 seconds.
  path: Assets/_PoiyomiShaders/Textures/Matcaps/T_Matcap_MC (42).png
  artifactKey: Guid(aa27df79f39a4aa4f9e59e56f202da35) Importer(815301076,1909f56bfc062723c751e8b465ee728b)
Start importing Assets/_PoiyomiShaders/Textures/Matcaps/T_Matcap_MC (42).png using Guid(aa27df79f39a4aa4f9e59e56f202da35) Importer(815301076,1909f56bfc062723c751e8b465ee728b)  -> (artifact id: '27e3c0b1585511ee321c68729dfbf03e') in 0.008478 seconds 
========================================================================
Received Import Request.
  Time since last request: 328.858095 seconds.
  path: Packages/com.unity.collab-proxy/Editor/PlasticSCM/Assets/Images/buttonssosigninemail@2x.png
  artifactKey: Guid(ddf2e76e8a1f88f46ae1e42277850b48) Importer(815301076,1909f56bfc062723c751e8b465ee728b)
Start importing Packages/com.unity.collab-proxy/Editor/PlasticSCM/Assets/Images/buttonssosigninemail@2x.png using Guid(ddf2e76e8a1f88f46ae1e42277850b48) Importer(815301076,1909f56bfc062723c751e8b465ee728b)  -> (artifact id: '82d5994b4deefa3bbd7ab2985595f882') in 0.026135 seconds 
========================================================================
Received Import Request.
  Time since last request: 0.000531 seconds.
  path: Packages/com.unity.collab-proxy/Editor/PlasticSCM/Assets/Images/d_buttonssosigninemail@2x.png
  artifactKey: Guid(144aa74618b85974a9a50f612c2fa8fd) Importer(815301076,1909f56bfc062723c751e8b465ee728b)
Start importing Packages/com.unity.collab-proxy/Editor/PlasticSCM/Assets/Images/d_buttonssosigninemail@2x.png using Guid(144aa74618b85974a9a50f612c2fa8fd) Importer(815301076,1909f56bfc062723c751e8b465ee728b)  -> (artifact id: '240c5ad99a9ed214bdba6377fa547014') in 0.011832 seconds 
========================================================================
Received Import Request.
  Time since last request: 0.000011 seconds.
  path: Packages/com.unity.collab-proxy/Editor/PlasticSCM/Assets/Images/d_expertbuhoshe.png
  artifactKey: Guid(8325d4ef0a6eb3d43952aff8a06d9f45) Importer(815301076,1909f56bfc062723c751e8b465ee728b)
Start importing Packages/com.unity.collab-proxy/Editor/PlasticSCM/Assets/Images/d_expertbuhoshe.png using Guid(8325d4ef0a6eb3d43952aff8a06d9f45) Importer(815301076,1909f56bfc062723c751e8b465ee728b)  -> (artifact id: 'b81212c8468e99743d5029be8da8d923') in 0.017588 seconds 
========================================================================
Received Import Request.
  Time since last request: 0.000011 seconds.
  path: Packages/com.unity.collab-proxy/Editor/PlasticSCM/Assets/Images/d_genericbuhoshe3.png
  artifactKey: Guid(9bb60d9b0987c3747b57516cc172d0c7) Importer(815301076,1909f56bfc062723c751e8b465ee728b)
Start importing Packages/com.unity.collab-proxy/Editor/PlasticSCM/Assets/Images/d_genericbuhoshe3.png using Guid(9bb60d9b0987c3747b57516cc172d0c7) Importer(815301076,1909f56bfc062723c751e8b465ee728b)  -> (artifact id: '33a79aa598ec7ae9b77334288d6b5203') in 0.015260 seconds 
========================================================================
Received Import Request.
  Time since last request: 0.000010 seconds.
  path: Packages/com.unity.collab-proxy/Editor/PlasticSCM/Assets/Images/d_expertbuhoshechristmas.png
  artifactKey: Guid(372e7b39fc8f34549ac25d8757965a2c) Importer(815301076,1909f56bfc062723c751e8b465ee728b)
Start importing Packages/com.unity.collab-proxy/Editor/PlasticSCM/Assets/Images/d_expertbuhoshechristmas.png using Guid(372e7b39fc8f34549ac25d8757965a2c) Importer(815301076,1909f56bfc062723c751e8b465ee728b)  -> (artifact id: '3cd20813968673848a8e1eabbb07ea6a') in 0.017297 seconds 
========================================================================
Received Import Request.
  Time since last request: 0.000010 seconds.
  path: Packages/com.unity.collab-proxy/Editor/PlasticSCM/Assets/Images/d_cloudbuhoshechristmas.png
  artifactKey: Guid(9c0d6ec706e01ce448aea81584af092b) Importer(815301076,1909f56bfc062723c751e8b465ee728b)
Start importing Packages/com.unity.collab-proxy/Editor/PlasticSCM/Assets/Images/d_cloudbuhoshechristmas.png using Guid(9c0d6ec706e01ce448aea81584af092b) Importer(815301076,1909f56bfc062723c751e8b465ee728b)  -> (artifact id: 'b62e8368a3c3fde9488ee256b849891e') in 0.015334 seconds 
========================================================================
Received Import Request.
  Time since last request: 0.000010 seconds.
  path: Packages/com.unity.collab-proxy/Editor/PlasticSCM/Assets/Images/d_genericbuho3.png
  artifactKey: Guid(9e9474494461bd048803b48e391ef0f6) Importer(815301076,1909f56bfc062723c751e8b465ee728b)
Start importing Packages/com.unity.collab-proxy/Editor/PlasticSCM/Assets/Images/d_genericbuho3.png using Guid(9e9474494461bd048803b48e391ef0f6) Importer(815301076,1909f56bfc062723c751e8b465ee728b)  -> (artifact id: 'f4cccc78bc87cf11419be3c84c8bb7d0') in 0.026710 seconds 
========================================================================
Received Import Request.
  Time since last request: 0.000010 seconds.
  path: Packages/com.unity.collab-proxy/Editor/PlasticSCM/Assets/Images/d_genericbuhoshe1.png
  artifactKey: Guid(f2901efd8bb16bc408ad37f017fbf9bc) Importer(815301076,1909f56bfc062723c751e8b465ee728b)
Start importing Packages/com.unity.collab-proxy/Editor/PlasticSCM/Assets/Images/d_genericbuhoshe1.png using Guid(f2901efd8bb16bc408ad37f017fbf9bc) Importer(815301076,1909f56bfc062723c751e8b465ee728b)  -> (artifact id: '38fd726d4511d24c59b3b538f94455bb') in 0.015003 seconds 
========================================================================
Received Import Request.
  Time since last request: 0.000012 seconds.
  path: Packages/com.unity.collab-proxy/Editor/PlasticSCM/Assets/Images/d_colorbuhochristmas.png
  artifactKey: Guid(fd098fb4cf57bad419701c802e442b7e) Importer(815301076,1909f56bfc062723c751e8b465ee728b)
Start importing Packages/com.unity.collab-proxy/Editor/PlasticSCM/Assets/Images/d_colorbuhochristmas.png using Guid(fd098fb4cf57bad419701c802e442b7e) Importer(815301076,1909f56bfc062723c751e8b465ee728b)  -> (artifact id: '7d7e24cf0970573175638c8a7633bfbf') in 0.014318 seconds 
========================================================================
Received Import Request.
  Time since last request: 0.000017 seconds.
  path: Packages/com.unity.collab-proxy/Editor/PlasticSCM/Assets/Images/d_genericbuhoshe2.png
  artifactKey: Guid(17035c204825f6340a252046ab6476fd) Importer(815301076,1909f56bfc062723c751e8b465ee728b)
Start importing Packages/com.unity.collab-proxy/Editor/PlasticSCM/Assets/Images/d_genericbuhoshe2.png using Guid(17035c204825f6340a252046ab6476fd) Importer(815301076,1909f56bfc062723c751e8b465ee728b)  -> (artifact id: '146b864622a37e14c8b74fb750cedd2f') in 0.015724 seconds 
========================================================================
Received Import Request.
  Time since last request: 0.000010 seconds.
  path: Packages/com.unity.collab-proxy/Editor/PlasticSCM/Assets/Images/d_cloudbuho.png
  artifactKey: Guid(e5600378dd761e64d9423790c482bf36) Importer(815301076,1909f56bfc062723c751e8b465ee728b)
Start importing Packages/com.unity.collab-proxy/Editor/PlasticSCM/Assets/Images/d_cloudbuho.png using Guid(e5600378dd761e64d9423790c482bf36) Importer(815301076,1909f56bfc062723c751e8b465ee728b)  -> (artifact id: '8abf222ae91efba17e44c3e9f4b0f8f8') in 0.015960 seconds 
========================================================================
Received Import Request.
  Time since last request: 0.000021 seconds.
  path: Packages/com.unity.collab-proxy/Editor/PlasticSCM/Assets/Images/d_expertbuho.png
  artifactKey: Guid(13e7e6fe43a8aa049bcd610bbc1f5ff8) Importer(815301076,1909f56bfc062723c751e8b465ee728b)
Start importing Packages/com.unity.collab-proxy/Editor/PlasticSCM/Assets/Images/d_expertbuho.png using Guid(13e7e6fe43a8aa049bcd610bbc1f5ff8) Importer(815301076,1909f56bfc062723c751e8b465ee728b)  -> (artifact id: 'bdf9ca67f562c30990d7f2ccde3ae039') in 0.014644 seconds 
========================================================================
Received Import Request.
  Time since last request: 0.000010 seconds.
  path: Packages/com.unity.collab-proxy/Editor/PlasticSCM/Assets/Images/d_genericbuhoshechristmas1.png
  artifactKey: Guid(d98fbe17966d8ef449b25b99024bf36f) Importer(815301076,1909f56bfc062723c751e8b465ee728b)
Start importing Packages/com.unity.collab-proxy/Editor/PlasticSCM/Assets/Images/d_genericbuhoshechristmas1.png using Guid(d98fbe17966d8ef449b25b99024bf36f) Importer(815301076,1909f56bfc062723c751e8b465ee728b)  -> (artifact id: '026837d82de2362770150e5625ce4b9f') in 0.017643 seconds 
========================================================================
Received Import Request.
  Time since last request: 0.000010 seconds.
  path: Packages/com.unity.collab-proxy/Editor/PlasticSCM/Assets/Images/d_genericbuhoshechristmas3.png
  artifactKey: Guid(f8c9467a892580344bb697526dac0d13) Importer(815301076,1909f56bfc062723c751e8b465ee728b)
Start importing Packages/com.unity.collab-proxy/Editor/PlasticSCM/Assets/Images/d_genericbuhoshechristmas3.png using Guid(f8c9467a892580344bb697526dac0d13) Importer(815301076,1909f56bfc062723c751e8b465ee728b)  -> (artifact id: 'b9126b3b7be705a0587e4d6b464524c6') in 0.017768 seconds 
========================================================================
Received Import Request.
  Time since last request: 0.000010 seconds.
  path: Packages/com.unity.collab-proxy/Editor/PlasticSCM/Assets/Images/d_cloudbuhoshe.png
  artifactKey: Guid(dae33700bd23f76409a80bf78fdb8a42) Importer(815301076,1909f56bfc062723c751e8b465ee728b)
Start importing Packages/com.unity.collab-proxy/Editor/PlasticSCM/Assets/Images/d_cloudbuhoshe.png using Guid(dae33700bd23f76409a80bf78fdb8a42) Importer(815301076,1909f56bfc062723c751e8b465ee728b)  -> (artifact id: 'f5693136bf9be4f46b414ae9715b3116') in 0.014931 seconds 
Editor requested this worker to shutdown with reason: Scaling down because of idle timeout
AssetImportWorker is now disconnected from the server
Process exiting
Exiting without the bug reporter. Application will terminate with return code 0